2022-11-18 09:24:07.267 [restartedMain] WARN  o.springframework.boot.actuate.endpoint.EndpointId - Endpoint ID 'service-registry' contains invalid characters, please migrate to a valid format.
2022-11-18 09:24:08.228 [restartedMain] WARN  com.netflix.config.sources.URLConfigurationSource - No URLs will be polled as dynamic configuration sources.
2022-11-18 09:24:09.187 [restartedMain] WARN  o.s.s.o.p.token.store.JwtAccessTokenConverter - Unable to create an RSA verifier from verifierKey (ignoreable if using MAC)
2022-11-18 09:24:09.623 [restartedMain] WARN  com.netflix.config.sources.URLConfigurationSource - No URLs will be polled as dynamic configuration sources.
2022-11-18 09:24:09.655 [restartedMain] WARN  o.s.s.o.p.token.store.JwtAccessTokenConverter - Unable to create an RSA verifier from verifierKey (ignoreable if using MAC)
2022-11-18 09:24:12.337 [restartedMain] WARN  o.s.c.l.c.BlockingLoadBalancerClientAutoConfiguration$BlockingLoadBalancerClientRibbonWarnLogger - You already have RibbonLoadBalancerClient on your classpath. It will be used by default. As Spring Cloud Ribbon is in maintenance mode. We recommend switching to BlockingLoadBalancerClient instead. In order to use it, set the value of `spring.cloud.loadbalancer.ribbon.enabled` to `false` or remove spring-cloud-starter-netflix-ribbon from your project.
2022-11-18 09:24:12.367 [restartedMain] WARN  o.s.c.s.o.SpringCloudSecurityAutoConfiguration - All Spring Cloud Security modules and starters are deprecated. They will be moved to individual projects in the next major release.
2022-11-18 10:08:46.861 [restartedMain] WARN  o.springframework.boot.actuate.endpoint.EndpointId - Endpoint ID 'service-registry' contains invalid characters, please migrate to a valid format.
2022-11-18 10:08:47.789 [restartedMain] WARN  com.netflix.config.sources.URLConfigurationSource - No URLs will be polled as dynamic configuration sources.
2022-11-18 10:08:48.710 [restartedMain] WARN  o.s.s.o.p.token.store.JwtAccessTokenConverter - Unable to create an RSA verifier from verifierKey (ignoreable if using MAC)
2022-11-18 10:08:49.153 [restartedMain] WARN  com.netflix.config.sources.URLConfigurationSource - No URLs will be polled as dynamic configuration sources.
2022-11-18 10:08:49.184 [restartedMain] WARN  o.s.s.o.p.token.store.JwtAccessTokenConverter - Unable to create an RSA verifier from verifierKey (ignoreable if using MAC)
2022-11-18 10:08:51.836 [restartedMain] WARN  o.s.c.l.c.BlockingLoadBalancerClientAutoConfiguration$BlockingLoadBalancerClientRibbonWarnLogger - You already have RibbonLoadBalancerClient on your classpath. It will be used by default. As Spring Cloud Ribbon is in maintenance mode. We recommend switching to BlockingLoadBalancerClient instead. In order to use it, set the value of `spring.cloud.loadbalancer.ribbon.enabled` to `false` or remove spring-cloud-starter-netflix-ribbon from your project.
2022-11-18 10:08:51.864 [restartedMain] WARN  o.s.c.s.o.SpringCloudSecurityAutoConfiguration - All Spring Cloud Security modules and starters are deprecated. They will be moved to individual projects in the next major release.
2022-11-18 10:09:25.029 [restartedMain] WARN  o.springframework.boot.actuate.endpoint.EndpointId - Endpoint ID 'service-registry' contains invalid characters, please migrate to a valid format.
2022-11-18 10:09:25.885 [restartedMain] WARN  com.netflix.config.sources.URLConfigurationSource - No URLs will be polled as dynamic configuration sources.
2022-11-18 10:09:26.783 [restartedMain] WARN  o.s.s.o.p.token.store.JwtAccessTokenConverter - Unable to create an RSA verifier from verifierKey (ignoreable if using MAC)
2022-11-18 10:09:27.204 [restartedMain] WARN  com.netflix.config.sources.URLConfigurationSource - No URLs will be polled as dynamic configuration sources.
2022-11-18 10:09:27.236 [restartedMain] WARN  o.s.s.o.p.token.store.JwtAccessTokenConverter - Unable to create an RSA verifier from verifierKey (ignoreable if using MAC)
2022-11-18 10:09:30.058 [restartedMain] WARN  o.s.c.l.c.BlockingLoadBalancerClientAutoConfiguration$BlockingLoadBalancerClientRibbonWarnLogger - You already have RibbonLoadBalancerClient on your classpath. It will be used by default. As Spring Cloud Ribbon is in maintenance mode. We recommend switching to BlockingLoadBalancerClient instead. In order to use it, set the value of `spring.cloud.loadbalancer.ribbon.enabled` to `false` or remove spring-cloud-starter-netflix-ribbon from your project.
2022-11-18 10:09:30.086 [restartedMain] WARN  o.s.c.s.o.SpringCloudSecurityAutoConfiguration - All Spring Cloud Security modules and starters are deprecated. They will be moved to individual projects in the next major release.
2022-11-18 11:03:46.817 [http-nio-9002-exec-8] WARN  org.springframework.web.servlet.PageNotFound - No mapping for POST /news/withdrawOverAll
2022-11-18 11:04:17.878 [restartedMain] WARN  o.springframework.boot.actuate.endpoint.EndpointId - Endpoint ID 'service-registry' contains invalid characters, please migrate to a valid format.
2022-11-18 11:04:18.911 [restartedMain] WARN  com.netflix.config.sources.URLConfigurationSource - No URLs will be polled as dynamic configuration sources.
2022-11-18 11:04:19.865 [restartedMain] WARN  o.s.s.o.p.token.store.JwtAccessTokenConverter - Unable to create an RSA verifier from verifierKey (ignoreable if using MAC)
2022-11-18 11:04:20.308 [restartedMain] WARN  com.netflix.config.sources.URLConfigurationSource - No URLs will be polled as dynamic configuration sources.
2022-11-18 11:04:20.339 [restartedMain] WARN  o.s.s.o.p.token.store.JwtAccessTokenConverter - Unable to create an RSA verifier from verifierKey (ignoreable if using MAC)
2022-11-18 11:04:25.306 [restartedMain] WARN  o.s.c.l.c.BlockingLoadBalancerClientAutoConfiguration$BlockingLoadBalancerClientRibbonWarnLogger - You already have RibbonLoadBalancerClient on your classpath. It will be used by default. As Spring Cloud Ribbon is in maintenance mode. We recommend switching to BlockingLoadBalancerClient instead. In order to use it, set the value of `spring.cloud.loadbalancer.ribbon.enabled` to `false` or remove spring-cloud-starter-netflix-ribbon from your project.
2022-11-18 11:04:25.378 [restartedMain] WARN  o.s.c.s.o.SpringCloudSecurityAutoConfiguration - All Spring Cloud Security modules and starters are deprecated. They will be moved to individual projects in the next major release.
2022-11-18 11:09:52.595 [restartedMain] WARN  o.springframework.boot.actuate.endpoint.EndpointId - Endpoint ID 'service-registry' contains invalid characters, please migrate to a valid format.
2022-11-18 11:09:53.403 [restartedMain] WARN  com.netflix.config.sources.URLConfigurationSource - No URLs will be polled as dynamic configuration sources.
2022-11-18 11:09:54.237 [restartedMain] WARN  o.s.s.o.p.token.store.JwtAccessTokenConverter - Unable to create an RSA verifier from verifierKey (ignoreable if using MAC)
2022-11-18 11:09:54.631 [restartedMain] WARN  com.netflix.config.sources.URLConfigurationSource - No URLs will be polled as dynamic configuration sources.
2022-11-18 11:09:54.660 [restartedMain] WARN  o.s.s.o.p.token.store.JwtAccessTokenConverter - Unable to create an RSA verifier from verifierKey (ignoreable if using MAC)
2022-11-18 11:09:59.244 [restartedMain] WARN  o.s.c.l.c.BlockingLoadBalancerClientAutoConfiguration$BlockingLoadBalancerClientRibbonWarnLogger - You already have RibbonLoadBalancerClient on your classpath. It will be used by default. As Spring Cloud Ribbon is in maintenance mode. We recommend switching to BlockingLoadBalancerClient instead. In order to use it, set the value of `spring.cloud.loadbalancer.ribbon.enabled` to `false` or remove spring-cloud-starter-netflix-ribbon from your project.
2022-11-18 11:09:59.325 [restartedMain] WARN  o.s.c.s.o.SpringCloudSecurityAutoConfiguration - All Spring Cloud Security modules and starters are deprecated. They will be moved to individual projects in the next major release.
2022-11-18 11:17:14.953 [restartedMain] WARN  o.springframework.boot.actuate.endpoint.EndpointId - Endpoint ID 'service-registry' contains invalid characters, please migrate to a valid format.
2022-11-18 11:17:15.727 [restartedMain] WARN  com.netflix.config.sources.URLConfigurationSource - No URLs will be polled as dynamic configuration sources.
2022-11-18 11:17:16.521 [restartedMain] WARN  o.s.s.o.p.token.store.JwtAccessTokenConverter - Unable to create an RSA verifier from verifierKey (ignoreable if using MAC)
2022-11-18 11:17:16.918 [restartedMain] WARN  com.netflix.config.sources.URLConfigurationSource - No URLs will be polled as dynamic configuration sources.
2022-11-18 11:17:16.943 [restartedMain] WARN  o.s.s.o.p.token.store.JwtAccessTokenConverter - Unable to create an RSA verifier from verifierKey (ignoreable if using MAC)
2022-11-18 11:17:18.384 [restartedMain] WARN  o.s.c.l.c.BlockingLoadBalancerClientAutoConfiguration$BlockingLoadBalancerClientRibbonWarnLogger - You already have RibbonLoadBalancerClient on your classpath. It will be used by default. As Spring Cloud Ribbon is in maintenance mode. We recommend switching to BlockingLoadBalancerClient instead. In order to use it, set the value of `spring.cloud.loadbalancer.ribbon.enabled` to `false` or remove spring-cloud-starter-netflix-ribbon from your project.
2022-11-18 11:17:18.411 [restartedMain] WARN  o.s.c.s.o.SpringCloudSecurityAutoConfiguration - All Spring Cloud Security modules and starters are deprecated. They will be moved to individual projects in the next major release.
2022-11-18 13:25:18.383 [restartedMain] WARN  o.springframework.boot.actuate.endpoint.EndpointId - Endpoint ID 'service-registry' contains invalid characters, please migrate to a valid format.
2022-11-18 13:25:19.328 [restartedMain] WARN  com.netflix.config.sources.URLConfigurationSource - No URLs will be polled as dynamic configuration sources.
2022-11-18 13:25:20.260 [restartedMain] WARN  o.s.s.o.p.token.store.JwtAccessTokenConverter - Unable to create an RSA verifier from verifierKey (ignoreable if using MAC)
2022-11-18 13:25:20.684 [restartedMain] WARN  com.netflix.config.sources.URLConfigurationSource - No URLs will be polled as dynamic configuration sources.
2022-11-18 13:25:20.718 [restartedMain] WARN  o.s.s.o.p.token.store.JwtAccessTokenConverter - Unable to create an RSA verifier from verifierKey (ignoreable if using MAC)
2022-11-18 13:25:23.377 [restartedMain] WARN  o.s.c.l.c.BlockingLoadBalancerClientAutoConfiguration$BlockingLoadBalancerClientRibbonWarnLogger - You already have RibbonLoadBalancerClient on your classpath. It will be used by default. As Spring Cloud Ribbon is in maintenance mode. We recommend switching to BlockingLoadBalancerClient instead. In order to use it, set the value of `spring.cloud.loadbalancer.ribbon.enabled` to `false` or remove spring-cloud-starter-netflix-ribbon from your project.
2022-11-18 13:25:23.406 [restartedMain] WARN  o.s.c.s.o.SpringCloudSecurityAutoConfiguration - All Spring Cloud Security modules and starters are deprecated. They will be moved to individual projects in the next major release.
2022-11-18 16:06:30.728 [restartedMain] WARN  o.springframework.boot.actuate.endpoint.EndpointId - Endpoint ID 'service-registry' contains invalid characters, please migrate to a valid format.
2022-11-18 16:06:31.788 [restartedMain] WARN  com.netflix.config.sources.URLConfigurationSource - No URLs will be polled as dynamic configuration sources.
2022-11-18 16:06:33.052 [restartedMain] WARN  o.s.s.o.p.token.store.JwtAccessTokenConverter - Unable to create an RSA verifier from verifierKey (ignoreable if using MAC)
2022-11-18 16:06:33.819 [restartedMain] WARN  com.netflix.config.sources.URLConfigurationSource - No URLs will be polled as dynamic configuration sources.
2022-11-18 16:06:33.911 [restartedMain] WARN  o.s.s.o.p.token.store.JwtAccessTokenConverter - Unable to create an RSA verifier from verifierKey (ignoreable if using MAC)
2022-11-18 16:06:39.217 [restartedMain] WARN  o.s.c.l.c.BlockingLoadBalancerClientAutoConfiguration$BlockingLoadBalancerClientRibbonWarnLogger - You already have RibbonLoadBalancerClient on your classpath. It will be used by default. As Spring Cloud Ribbon is in maintenance mode. We recommend switching to BlockingLoadBalancerClient instead. In order to use it, set the value of `spring.cloud.loadbalancer.ribbon.enabled` to `false` or remove spring-cloud-starter-netflix-ribbon from your project.
2022-11-18 16:06:39.312 [restartedMain] WARN  o.s.c.s.o.SpringCloudSecurityAutoConfiguration - All Spring Cloud Security modules and starters are deprecated. They will be moved to individual projects in the next major release.
2022-11-18 16:14:17.071 [restartedMain] WARN  o.springframework.boot.actuate.endpoint.EndpointId - Endpoint ID 'service-registry' contains invalid characters, please migrate to a valid format.
2022-11-18 16:14:17.987 [restartedMain] WARN  com.netflix.config.sources.URLConfigurationSource - No URLs will be polled as dynamic configuration sources.
2022-11-18 16:14:18.962 [restartedMain] WARN  o.s.s.o.p.token.store.JwtAccessTokenConverter - Unable to create an RSA verifier from verifierKey (ignoreable if using MAC)
2022-11-18 16:14:19.385 [restartedMain] WARN  com.netflix.config.sources.URLConfigurationSource - No URLs will be polled as dynamic configuration sources.
2022-11-18 16:14:19.417 [restartedMain] WARN  o.s.s.o.p.token.store.JwtAccessTokenConverter - Unable to create an RSA verifier from verifierKey (ignoreable if using MAC)
2022-11-18 16:14:22.089 [restartedMain] WARN  o.s.c.l.c.BlockingLoadBalancerClientAutoConfiguration$BlockingLoadBalancerClientRibbonWarnLogger - You already have RibbonLoadBalancerClient on your classpath. It will be used by default. As Spring Cloud Ribbon is in maintenance mode. We recommend switching to BlockingLoadBalancerClient instead. In order to use it, set the value of `spring.cloud.loadbalancer.ribbon.enabled` to `false` or remove spring-cloud-starter-netflix-ribbon from your project.
2022-11-18 16:14:22.116 [restartedMain] WARN  o.s.c.s.o.SpringCloudSecurityAutoConfiguration - All Spring Cloud Security modules and starters are deprecated. They will be moved to individual projects in the next major release.
2022-11-18 16:19:14.114 [restartedMain] WARN  o.springframework.boot.actuate.endpoint.EndpointId - Endpoint ID 'service-registry' contains invalid characters, please migrate to a valid format.
2022-11-18 16:19:14.960 [restartedMain] WARN  com.netflix.config.sources.URLConfigurationSource - No URLs will be polled as dynamic configuration sources.
2022-11-18 16:19:15.834 [restartedMain] WARN  o.s.s.o.p.token.store.JwtAccessTokenConverter - Unable to create an RSA verifier from verifierKey (ignoreable if using MAC)
2022-11-18 16:19:16.252 [restartedMain] WARN  com.netflix.config.sources.URLConfigurationSource - No URLs will be polled as dynamic configuration sources.
2022-11-18 16:19:16.285 [restartedMain] WARN  o.s.s.o.p.token.store.JwtAccessTokenConverter - Unable to create an RSA verifier from verifierKey (ignoreable if using MAC)
2022-11-18 16:19:18.970 [restartedMain] WARN  o.s.c.l.c.BlockingLoadBalancerClientAutoConfiguration$BlockingLoadBalancerClientRibbonWarnLogger - You already have RibbonLoadBalancerClient on your classpath. It will be used by default. As Spring Cloud Ribbon is in maintenance mode. We recommend switching to BlockingLoadBalancerClient instead. In order to use it, set the value of `spring.cloud.loadbalancer.ribbon.enabled` to `false` or remove spring-cloud-starter-netflix-ribbon from your project.
2022-11-18 16:19:18.997 [restartedMain] WARN  o.s.c.s.o.SpringCloudSecurityAutoConfiguration - All Spring Cloud Security modules and starters are deprecated. They will be moved to individual projects in the next major release.
2022-11-18 16:21:32.590 [restartedMain] WARN  o.springframework.boot.actuate.endpoint.EndpointId - Endpoint ID 'service-registry' contains invalid characters, please migrate to a valid format.
2022-11-18 16:21:33.423 [restartedMain] WARN  com.netflix.config.sources.URLConfigurationSource - No URLs will be polled as dynamic configuration sources.
2022-11-18 16:21:34.333 [restartedMain] WARN  o.s.s.o.p.token.store.JwtAccessTokenConverter - Unable to create an RSA verifier from verifierKey (ignoreable if using MAC)
2022-11-18 16:21:34.759 [restartedMain] WARN  com.netflix.config.sources.URLConfigurationSource - No URLs will be polled as dynamic configuration sources.
2022-11-18 16:21:34.791 [restartedMain] WARN  o.s.s.o.p.token.store.JwtAccessTokenConverter - Unable to create an RSA verifier from verifierKey (ignoreable if using MAC)
2022-11-18 16:21:38.109 [restartedMain] WARN  o.s.c.l.c.BlockingLoadBalancerClientAutoConfiguration$BlockingLoadBalancerClientRibbonWarnLogger - You already have RibbonLoadBalancerClient on your classpath. It will be used by default. As Spring Cloud Ribbon is in maintenance mode. We recommend switching to BlockingLoadBalancerClient instead. In order to use it, set the value of `spring.cloud.loadbalancer.ribbon.enabled` to `false` or remove spring-cloud-starter-netflix-ribbon from your project.
2022-11-18 16:21:38.138 [restartedMain] WARN  o.s.c.s.o.SpringCloudSecurityAutoConfiguration - All Spring Cloud Security modules and starters are deprecated. They will be moved to individual projects in the next major release.
2022-11-18 16:50:03.489 [restartedMain] WARN  o.springframework.boot.actuate.endpoint.EndpointId - Endpoint ID 'service-registry' contains invalid characters, please migrate to a valid format.
2022-11-18 16:50:04.404 [restartedMain] WARN  com.netflix.config.sources.URLConfigurationSource - No URLs will be polled as dynamic configuration sources.
2022-11-18 16:50:05.332 [restartedMain] WARN  o.s.s.o.p.token.store.JwtAccessTokenConverter - Unable to create an RSA verifier from verifierKey (ignoreable if using MAC)
2022-11-18 16:50:05.763 [restartedMain] WARN  com.netflix.config.sources.URLConfigurationSource - No URLs will be polled as dynamic configuration sources.
2022-11-18 16:50:05.797 [restartedMain] WARN  o.s.s.o.p.token.store.JwtAccessTokenConverter - Unable to create an RSA verifier from verifierKey (ignoreable if using MAC)
2022-11-18 16:50:08.469 [restartedMain] WARN  o.s.c.l.c.BlockingLoadBalancerClientAutoConfiguration$BlockingLoadBalancerClientRibbonWarnLogger - You already have RibbonLoadBalancerClient on your classpath. It will be used by default. As Spring Cloud Ribbon is in maintenance mode. We recommend switching to BlockingLoadBalancerClient instead. In order to use it, set the value of `spring.cloud.loadbalancer.ribbon.enabled` to `false` or remove spring-cloud-starter-netflix-ribbon from your project.
2022-11-18 16:50:08.496 [restartedMain] WARN  o.s.c.s.o.SpringCloudSecurityAutoConfiguration - All Spring Cloud Security modules and starters are deprecated. They will be moved to individual projects in the next major release.
2022-11-18 16:53:02.135 [restartedMain] WARN  o.springframework.boot.actuate.endpoint.EndpointId - Endpoint ID 'service-registry' contains invalid characters, please migrate to a valid format.
2022-11-18 16:53:02.966 [restartedMain] WARN  com.netflix.config.sources.URLConfigurationSource - No URLs will be polled as dynamic configuration sources.
2022-11-18 16:53:03.865 [restartedMain] WARN  o.s.s.o.p.token.store.JwtAccessTokenConverter - Unable to create an RSA verifier from verifierKey (ignoreable if using MAC)
2022-11-18 16:53:04.286 [restartedMain] WARN  com.netflix.config.sources.URLConfigurationSource - No URLs will be polled as dynamic configuration sources.
2022-11-18 16:53:04.319 [restartedMain] WARN  o.s.s.o.p.token.store.JwtAccessTokenConverter - Unable to create an RSA verifier from verifierKey (ignoreable if using MAC)
2022-11-18 16:53:07.717 [restartedMain] WARN  o.s.c.l.c.BlockingLoadBalancerClientAutoConfiguration$BlockingLoadBalancerClientRibbonWarnLogger - You already have RibbonLoadBalancerClient on your classpath. It will be used by default. As Spring Cloud Ribbon is in maintenance mode. We recommend switching to BlockingLoadBalancerClient instead. In order to use it, set the value of `spring.cloud.loadbalancer.ribbon.enabled` to `false` or remove spring-cloud-starter-netflix-ribbon from your project.
2022-11-18 16:53:07.743 [restartedMain] WARN  o.s.c.s.o.SpringCloudSecurityAutoConfiguration - All Spring Cloud Security modules and starters are deprecated. They will be moved to individual projects in the next major release.
